<?xml version="1.0" encoding="UTF-8"?>
<testsuite xmlns:xsi="http://www.w3.org/2001/XMLSchema-instance" xsi:noNamespaceSchemaLocation="https://maven.apache.org/surefire/maven-surefire-plugin/xsd/surefire-test-report.xsd" version="3.0.2" name="com.example.TliasWebManagementApplicationTests" time="3.454" tests="1" errors="0" skipped="0" failures="0">
  <properties>
[...]
</properties>
  <testcase name="contextLoads" classname="com.example.TliasWebManagementApplicationTests" time="0.729">
    <system-out><![CDATA[17:32:46.285 [main] INFO org.springframework.test.context.support.AnnotationConfigContextLoaderUtils -- Could not detect default configuration classes for test class [com.example.TliasWebManagementApplicationTests]: TliasWebManagementApplicationTests does not declare any static, non-private, non-final, nested classes annotated with @Configuration.
17:32:46.403 [main] INFO org.springframework.boot.test.context.SpringBootTestContextBootstrapper -- Found @SpringBootConfiguration com.example.TliasWebManagementApplication for test class com.example.TliasWebManagementApplicationTests

  .   ____          _            __ _ _
 /\\ / ___'_ __ _ _(_)_ __  __ _ \ \ \ \
( ( )\___ | '_ | '_| | '_ \/ _` | \ \ \ \
 \\/  ___)| |_)| | | | | || (_| |  ) ) ) )
  '  |____| .__|_| |_|_| |_\__, | / / / /
 =========|_|==============|___/=/_/_/_/

 :: Spring Boot ::                (v3.4.6)

2025-06-09T17:32:46.829+08:00  INFO 24288 --- [tlias-web-management] [           main] c.e.TliasWebManagementApplicationTests   : Starting TliasWebManagementApplicationTests using Java 17.0.12 with PID 24288 (started by zyf13 in D:\javaPractice\Web-Tlias\tlias-web-management)
2025-06-09T17:32:46.830+08:00  INFO 24288 --- [tlias-web-management] [           main] c.e.TliasWebManagementApplicationTests   : No active profile set, falling back to 1 default profile: "default"
Logging initialized using 'class org.apache.ibatis.logging.stdout.StdOutImpl' adapter.
2025-06-09T17:32:48.845+08:00  INFO 24288 --- [tlias-web-management] [           main] c.e.TliasWebManagementApplicationTests   : Started TliasWebManagementApplicationTests in 2.27 seconds (process running for 3.228)
]]></system-out>
  </testcase>
</testsuite>